Determining if the pthread_create exist failed with the following output:
Change Dir: /home/manu/catkin_ws/build/CMakeFiles/CMakeTmp

Run Build Command:"/usr/bin/make" "cmTC_37343/fast"
/usr/bin/make -f CMakeFiles/cmTC_37343.dir/build.make CMakeFiles/cmTC_37343.dir/build
make[1]: se entra en el directorio '/home/manu/catkin_ws/build/CMakeFiles/CMakeTmp'
Building C object CMakeFiles/cmTC_37343.dir/CheckSymbolExists.c.o
/usr/bin/cc    -o CMakeFiles/cmTC_37343.dir/CheckSymbolExists.c.o   -c /home/manu/catkin_ws/build/CMakeFiles/CMakeTmp/CheckSymbolExists.c
Linking C executable cmTC_37343
/usr/bin/cmake -E cmake_link_script CMakeFiles/cmTC_37343.dir/link.txt --verbose=1
/usr/bin/cc      -rdynamic CMakeFiles/cmTC_37343.dir/CheckSymbolExists.c.o  -o cmTC_37343 
CMakeFiles/cmTC_37343.dir/CheckSymbolExists.c.o: En la función `main':
CheckSymbolExists.c:(.text+0x1b): referencia a `pthread_create' sin definir
collect2: error: ld returned 1 exit status
CMakeFiles/cmTC_37343.dir/build.make:97: fallo en las instrucciones para el objetivo 'cmTC_37343'
make[1]: *** [cmTC_37343] Error 1
make[1]: se sale del directorio '/home/manu/catkin_ws/build/CMakeFiles/CMakeTmp'
Makefile:126: fallo en las instrucciones para el objetivo 'cmTC_37343/fast'
make: *** [cmTC_37343/fast] Error 2

File /home/manu/catkin_ws/build/CMakeFiles/CMakeTmp/CheckSymbolExists.c:
/* */
#include <pthread.h>

int main(int argc, char** argv)
{
  (void)argv;
#ifndef pthread_create
  return ((int*)(&pthread_create))[argc];
#else
  (void)argc;
  return 0;
#endif
}

Determining if the function pthread_create exists in the pthreads failed with the following output:
Change Dir: /home/manu/catkin_ws/build/CMakeFiles/CMakeTmp

Run Build Command:"/usr/bin/make" "cmTC_7933c/fast"
/usr/bin/make -f CMakeFiles/cmTC_7933c.dir/build.make CMakeFiles/cmTC_7933c.dir/build
make[1]: se entra en el directorio '/home/manu/catkin_ws/build/CMakeFiles/CMakeTmp'
Building C object CMakeFiles/cmTC_7933c.dir/CheckFunctionExists.c.o
/usr/bin/cc   -DCHECK_FUNCTION_EXISTS=pthread_create   -o CMakeFiles/cmTC_7933c.dir/CheckFunctionExists.c.o   -c /usr/share/cmake-3.10/Modules/CheckFunctionExists.c
Linking C executable cmTC_7933c
/usr/bin/cmake -E cmake_link_script CMakeFiles/cmTC_7933c.dir/link.txt --verbose=1
/usr/bin/cc  -DCHECK_FUNCTION_EXISTS=pthread_create    -rdynamic CMakeFiles/cmTC_7933c.dir/CheckFunctionExists.c.o  -o cmTC_7933c -lpthreads 
/usr/bin/ld: no se puede encontrar -lpthreads
collect2: error: ld returned 1 exit status
CMakeFiles/cmTC_7933c.dir/build.make:97: fallo en las instrucciones para el objetivo 'cmTC_7933c'
make[1]: *** [cmTC_7933c] Error 1
make[1]: se sale del directorio '/home/manu/catkin_ws/build/CMakeFiles/CMakeTmp'
Makefile:126: fallo en las instrucciones para el objetivo 'cmTC_7933c/fast'
make: *** [cmTC_7933c/fast] Error 2


